<?xml version="1.0" encoding="UTF-8"?>
<testng-results skipped="0" failed="0" ignored="0" total="1" passed="1">
  <reporter-output>
  </reporter-output>
  <suite name="Default suite" duration-ms="22" started-at="2021-04-02T14:26:04Z" finished-at="2021-04-02T14:26:04Z">
    <groups>
    </groups>
    <test name="Default test" duration-ms="22" started-at="2021-04-02T14:26:04Z" finished-at="2021-04-02T14:26:04Z">
      <class name="javapackage.Assertion3">
        <test-method status="PASS" signature="testCase4()[pri:0, instance:javapackage.Assertion3@5276e6b0]" name="testCase4" duration-ms="7" started-at="2021-04-02T14:26:04Z" finished-at="2021-04-02T14:26:04Z">
          <reporter-output>
          </reporter-output>
        </test-method> <!-- testCase4 -->
      </class> <!-- javapackage.Assertion3 -->
    </test> <!-- Default test -->
  </suite> <!-- Default suite -->
</testng-results>
